2025-02-13 23:40:42 [main] INFO  o.h.jpa.internal.util.LogHelper - HHH000204: Processing PersistenceUnitInfo [name: aluguel-impressora-unit]
2025-02-13 23:40:42 [main] INFO  org.hibernate.Version - HHH000412: Hibernate ORM core version 6.2.8.Final
2025-02-13 23:40:42 [main] INFO  org.hibernate.cfg.Environment - HHH000406: Using bytecode reflection optimizer
2025-02-13 23:40:42 [main] WARN  o.hibernate.orm.connections.pooling - HHH10001002: Using built-in connection pool (not intended for production use)
2025-02-13 23:40:42 [main] INFO  o.hibernate.orm.connections.pooling - HHH10001005: Loaded JDBC driver class: com.microsoft.sqlserver.jdbc.SQLServerDriver
2025-02-13 23:40:42 [main] INFO  o.hibernate.orm.connections.pooling - HHH10001012: Connecting with JDBC URL [jdbc:sqlserver://localhost:1433;databaseName=aluguel_impressora;encrypt=false]
2025-02-13 23:40:42 [main] INFO  o.hibernate.orm.connections.pooling - HHH10001001: Connection properties: {password=****, user=sa}
2025-02-13 23:40:42 [main] INFO  o.hibernate.orm.connections.pooling - HHH10001003: Autocommit mode: false
2025-02-13 23:40:42 [main] INFO  o.hibernate.orm.connections.pooling - HHH10001115: Connection pool size: 20 (min=1)
2025-02-13 23:40:42 [main] INFO  o.h.b.i.BytecodeProviderInitiator - HHH000021: Bytecode provider name : bytebuddy
2025-02-13 23:40:43 [main] INFO  o.h.e.t.j.p.i.JtaPlatformInitiator - HHH000490: Using JtaPlatform implementation: [org.hibernate.engine.transaction.jta.platform.internal.NoJtaPlatform]
2025-02-13 23:40:43 [main] INFO  o.hibernate.orm.connections.access - HHH10001501: Connection obtained from JdbcConnectionAccess [org.hibernate.engine.jdbc.env.internal.JdbcEnvironmentInitiator$ConnectionProviderJdbcConnectionAccess@4e26040f] for (non-JTA) DDL execution was not in auto-commit mode; the Connection 'local transaction' will be committed and the Connection will be set into auto-commit mode.
2025-02-13 23:40:51 [AWT-EventQueue-0] INFO  b.e.l.m.s.model.dao.LoginDao - Realizando query na tabela de login buscando por misaelg.freitas2000@gmail.com
2025-02-13 23:40:51 [AWT-EventQueue-0] INFO  b.e.l.m.s.model.dao.LoginDao - Login encontrado
2025-02-13 23:41:09 [AWT-EventQueue-0] ERROR b.e.l.m.s.model.dao.LoginDao - No result found for query [SELECT
  im
FROM Impressora im
JOIN FETCH im.modeloImpressora mi
JOIN FETCH mi.taxa t
WHERE im.id = :id 
ORDER BY im.dtInclusao DESC]
2025-02-13 23:42:56 [main] INFO  o.h.jpa.internal.util.LogHelper - HHH000204: Processing PersistenceUnitInfo [name: aluguel-impressora-unit]
2025-02-13 23:42:56 [main] INFO  org.hibernate.Version - HHH000412: Hibernate ORM core version 6.2.8.Final
2025-02-13 23:42:56 [main] INFO  org.hibernate.cfg.Environment - HHH000406: Using bytecode reflection optimizer
2025-02-13 23:42:56 [main] WARN  o.hibernate.orm.connections.pooling - HHH10001002: Using built-in connection pool (not intended for production use)
2025-02-13 23:42:56 [main] INFO  o.hibernate.orm.connections.pooling - HHH10001005: Loaded JDBC driver class: com.microsoft.sqlserver.jdbc.SQLServerDriver
2025-02-13 23:42:56 [main] INFO  o.hibernate.orm.connections.pooling - HHH10001012: Connecting with JDBC URL [jdbc:sqlserver://localhost:1433;databaseName=aluguel_impressora;encrypt=false]
2025-02-13 23:42:56 [main] INFO  o.hibernate.orm.connections.pooling - HHH10001001: Connection properties: {password=****, user=sa}
2025-02-13 23:42:56 [main] INFO  o.hibernate.orm.connections.pooling - HHH10001003: Autocommit mode: false
2025-02-13 23:42:56 [main] INFO  o.hibernate.orm.connections.pooling - HHH10001115: Connection pool size: 20 (min=1)
2025-02-13 23:42:57 [main] INFO  o.h.b.i.BytecodeProviderInitiator - HHH000021: Bytecode provider name : bytebuddy
2025-02-13 23:42:57 [main] INFO  o.h.e.t.j.p.i.JtaPlatformInitiator - HHH000490: Using JtaPlatform implementation: [org.hibernate.engine.transaction.jta.platform.internal.NoJtaPlatform]
2025-02-13 23:42:57 [main] INFO  o.hibernate.orm.connections.access - HHH10001501: Connection obtained from JdbcConnectionAccess [org.hibernate.engine.jdbc.env.internal.JdbcEnvironmentInitiator$ConnectionProviderJdbcConnectionAccess@4e26040f] for (non-JTA) DDL execution was not in auto-commit mode; the Connection 'local transaction' will be committed and the Connection will be set into auto-commit mode.
2025-02-13 23:42:58 [AWT-EventQueue-0] INFO  b.e.l.m.s.model.dao.LoginDao - Realizando query na tabela de login buscando por misaelg.freitas2000@gmail.com
2025-02-13 23:42:58 [AWT-EventQueue-0] INFO  b.e.l.m.s.model.dao.LoginDao - Login encontrado
